-------------------------------------------------------------------------------
Test set: TestSuite
-------------------------------------------------------------------------------
Tests run: 2, Failures: 1, Errors: 0, Skipped: 0, Time elapsed: 7.058 s <<< FAILURE! - in TestSuite
test_Cases.ValidateTitle.validateAppTitle  Time elapsed: 0.476 s  <<< FAILURE!
java.lang.AssertionError: expected [TEST] but found [SIGN IN]
	at test_Cases.ValidateTitle.validateAppTitle(ValidateTitle.java:44)

