<?xml version="1.0" encoding="UTF-8"?>
<testsuite xmlns:xsi="http://www.w3.org/2001/XMLSchema-instance" xsi:noNamespaceSchemaLocation="https://maven.apache.org/surefire/maven-surefire-plugin/xsd/surefire-test-report-3.0.xsd" version="3.0" name="TestSuite" time="7.058" tests="2" errors="0" skipped="0" failures="1">
  <properties>
[...]
</properties>
  <testcase name="validateAppTitle" classname="test_Cases.ValidateTitle" time="0.476">
    <failure message="expected [TEST] but found [SIGN IN]" type="java.lang.AssertionError"><![CDATA[java.lang.AssertionError: expected [TEST] but found [SIGN IN]
	at test_Cases.ValidateTitle.validateAppTitle(ValidateTitle.java:44)
]]></failure>
    <system-err><![CDATA[SLF4J: Failed to load class "org.slf4j.impl.StaticLoggerBinder".
SLF4J: Defaulting to no-operation (NOP) logger implementation
SLF4J: See http://www.slf4j.org/codes.html#StaticLoggerBinder for further details.
SSttaarrttiinngg  CChrhormoemDerDirvievre r9 29.20..04.541551.54.34 3( 8(c86c16b17be72e928998f92f929909d04d24f28f5895c9acacc771133119911337778778c7ccec-er-erfesf/sb/rbarnacnhc-hh-ehaedasd/s4/541551@5{@#{3#0360}6)} )o no np oprot r1t6 516780
6O5n
lOyn lyl loocacla lc ocnonnencetcitoinosn sa arree  aalllloowweedd..

PPlleeaassee  sseee eh thttptsp:s/://c/hcrhormoemderdirvievre.rc.hcrhormoimuimu.mo.rogr/gs/esceucruirtiyt-yc-ocnosnisdiedreartaitoinosn sf ofro rs usguggegsetsitoinosns  oonn  kkeeeeppiinngg  CChrhormoemDerDirvievre rs asfaef.e
.
CChhrroommeeDrDirvievre rw awsa ss tsatarrtteedd  ssuucccceessssffuullllyy..

Jul 28, 2021 10:24:37 AM org.openqa.selenium.remote.ProtocolHandshake createSession
INFO: Detected dialect: W3C
Jul 28, 2021 10:24:37 AM org.openqa.selenium.remote.ProtocolHandshake createSession
INFO: Detected dialect: W3C
]]></system-err>
  </testcase>
  <testcase name="homePageNavigation[testproduct@mailnesia.com, 12345678](1)" classname="test_Cases.HomepageTest" time="0.881">
    <system-out><![CDATA[Homepage Test completed
]]></system-out>
  </testcase>
</testsuite>