<?xml version="1.0" encoding="UTF-8"?>
<testng-results ignored="0" total="1" passed="1" failed="0" skipped="0">
  <reporter-output>
  </reporter-output>
  <suite started-at="2021-07-19T18:16:00 IST" name="Default suite" finished-at="2021-07-19T18:16:05 IST" duration-ms="4856">
    <groups>
    </groups>
    <test started-at="2021-07-19T18:16:00 IST" name="Default test" finished-at="2021-07-19T18:16:05 IST" duration-ms="4856">
      <class name="test_Cases.HomepageTest">
        <test-method signature="homePageNavigation(java.lang.String, java.lang.String)[pri:0, instance:test_Cases.HomepageTest@7fc2413d]" started-at="2021-07-19T18:16:00 IST" name="homePageNavigation" data-provider="getData" finished-at="2021-07-19T18:16:05 IST" duration-ms="4823" status="PASS">
          <params>
            <param index="0">
              <value>
                <![CDATA[testproduct@mailnesia.com]]>
              </value>
            </param>
            <param index="1">
              <value>
                <![CDATA[12345678]]>
              </value>
            </param>
          </params>
          <reporter-output>
          </reporter-output>
        </test-method> <!-- homePageNavigation -->
      </class> <!-- test_Cases.HomepageTest -->
    </test> <!-- Default test -->
  </suite> <!-- Default suite -->
</testng-results>
